{"C:\\Users\\hi\\Documents\\Workspace\\paak\\src\\normalizers\\index.ts": {"path":"C:\\Users\\hi\\Documents\\Workspace\\paak\\src\\normalizers\\index.ts","statementMap":{"0":{"start":{"line":1,"column":0},"end":{"line":1,"column":31}},"1":{"start":{"line":7,"column":13},"end":{"line":20,"column":null}},"2":{"start":{"line":9,"column":4},"end":{"line":9,"column":null}},"3":{"start":{"line":12,"column":19},"end":{"line":12,"column":46}},"4":{"start":{"line":14,"column":4},"end":{"line":14,"column":null}},"5":{"start":{"line":17,"column":4},"end":{"line":17,"column":null}},"6":{"start":{"line":19,"column":2},"end":{"line":19,"column":null}},"7":{"start":{"line":21,"column":0},"end":{"line":21,"column":null}},"8":{"start":{"line":28,"column":13},"end":{"line":41,"column":null}},"9":{"start":{"line":30,"column":4},"end":{"line":30,"column":null}},"10":{"start":{"line":33,"column":19},"end":{"line":33,"column":46}},"11":{"start":{"line":35,"column":4},"end":{"line":35,"column":null}},"12":{"start":{"line":39,"column":4},"end":{"line":39,"column":null}},"13":{"start":{"line":42,"column":0},"end":{"line":42,"column":null}}},"fnMap":{"0":{"name":"(anonymous_0)","decl":{"start":{"line":7,"column":21},"end":{"line":7,"column":22}},"loc":{"start":{"line":7,"column":35},"end":{"line":20,"column":1}}},"1":{"name":"(anonymous_1)","decl":{"start":{"line":28,"column":20},"end":{"line":28,"column":21}},"loc":{"start":{"line":28,"column":34},"end":{"line":41,"column":1}}}},"branchMap":{},"s":{"0":1,"1":1,"2":1,"3":4,"4":1,"5":1,"6":2,"7":1,"8":1,"9":1,"10":3,"11":1,"12":2,"13":1},"f":{"0":5,"1":4},"b":{}}
,"C:\\Users\\hi\\Documents\\Workspace\\paak\\src\\validators\\type.ts": {"path":"C:\\Users\\hi\\Documents\\Workspace\\paak\\src\\validators\\type.ts","statementMap":{"0":{"start":{"line":1,"column":0},"end":{"line":1,"column":null}}},"fnMap":{},"branchMap":{},"s":{"0":6},"f":{},"b":{}}
,"C:\\Users\\hi\\Documents\\Workspace\\paak\\src\\validators\\array\\index.ts": {"path":"C:\\Users\\hi\\Documents\\Workspace\\paak\\src\\validators\\array\\index.ts","statementMap":{"0":{"start":{"line":1,"column":0},"end":{"line":1,"column":31}},"1":{"start":{"line":8,"column":13},"end":{"line":26,"column":null}},"2":{"start":{"line":9,"column":2},"end":{"line":25,"column":null}},"3":{"start":{"line":12,"column":21},"end":{"line":12,"column":22}},"4":{"start":{"line":13,"column":27},"end":{"line":13,"column":43}},"5":{"start":{"line":16,"column":12},"end":{"line":16,"column":null}},"6":{"start":{"line":21,"column":6},"end":{"line":21,"column":null}},"7":{"start":{"line":24,"column":4},"end":{"line":24,"column":null}},"8":{"start":{"line":28,"column":0},"end":{"line":28,"column":null}}},"fnMap":{"0":{"name":"(anonymous_0)","decl":{"start":{"line":8,"column":21},"end":{"line":8,"column":22}},"loc":{"start":{"line":8,"column":69},"end":{"line":26,"column":1}}},"1":{"name":"(anonymous_1)","decl":{"start":{"line":9,"column":9},"end":{"line":9,"column":10}},"loc":{"start":{"line":9,"column":20},"end":{"line":25,"column":3}}}},"branchMap":{"0":{"loc":{"start":{"line":10,"column":8},"end":{"line":10,"column":13}},"type":"binary-expr","locations":[{"start":{"line":10,"column":8},"end":{"line":10,"column":13}},{"start":{"line":10,"column":17},"end":{"line":10,"column":42}},{"start":{"line":10,"column":46},"end":{"line":10,"column":73}}]}},"s":{"0":3,"1":3,"2":20,"3":5,"4":6,"5":3,"6":10,"7":6,"8":3},"f":{"0":20,"1":19},"b":{"0":[19,18,10]}}
,"C:\\Users\\hi\\Documents\\Workspace\\paak\\src\\validators\\common\\index.ts": {"path":"C:\\Users\\hi\\Documents\\Workspace\\paak\\src\\validators\\common\\index.ts","statementMap":{"0":{"start":{"line":1,"column":0},"end":{"line":1,"column":31}},"1":{"start":{"line":3,"column":0},"end":{"line":3,"column":32}},"2":{"start":{"line":4,"column":0},"end":{"line":4,"column":34}},"3":{"start":{"line":5,"column":0},"end":{"line":5,"column":34}},"4":{"start":{"line":7,"column":13},"end":{"line":14,"column":null}},"5":{"start":{"line":8,"column":2},"end":{"line":13,"column":null}},"6":{"start":{"line":10,"column":6},"end":{"line":10,"column":null}},"7":{"start":{"line":12,"column":4},"end":{"line":12,"column":null}},"8":{"start":{"line":15,"column":0},"end":{"line":15,"column":null}},"9":{"start":{"line":17,"column":13},"end":{"line":31,"column":null}},"10":{"start":{"line":18,"column":2},"end":{"line":30,"column":null}},"11":{"start":{"line":22,"column":8},"end":{"line":22,"column":null}},"12":{"start":{"line":26,"column":8},"end":{"line":26,"column":null}},"13":{"start":{"line":29,"column":4},"end":{"line":29,"column":null}},"14":{"start":{"line":32,"column":0},"end":{"line":32,"column":null}},"15":{"start":{"line":34,"column":13},"end":{"line":49,"column":null}},"16":{"start":{"line":35,"column":2},"end":{"line":48,"column":null}},"17":{"start":{"line":39,"column":8},"end":{"line":39,"column":null}},"18":{"start":{"line":43,"column":8},"end":{"line":43,"column":null}},"19":{"start":{"line":47,"column":4},"end":{"line":47,"column":null}},"20":{"start":{"line":50,"column":0},"end":{"line":50,"column":null}}},"fnMap":{"0":{"name":"(anonymous_0)","decl":{"start":{"line":7,"column":24},"end":{"line":7,"column":25}},"loc":{"start":{"line":7,"column":48},"end":{"line":14,"column":1}}},"1":{"name":"(anonymous_1)","decl":{"start":{"line":8,"column":9},"end":{"line":8,"column":10}},"loc":{"start":{"line":8,"column":20},"end":{"line":13,"column":3}}},"2":{"name":"(anonymous_2)","decl":{"start":{"line":17,"column":19},"end":{"line":17,"column":20}},"loc":{"start":{"line":17,"column":59},"end":{"line":31,"column":1}}},"3":{"name":"(anonymous_3)","decl":{"start":{"line":18,"column":9},"end":{"line":18,"column":10}},"loc":{"start":{"line":18,"column":20},"end":{"line":30,"column":3}}},"4":{"name":"(anonymous_4)","decl":{"start":{"line":34,"column":19},"end":{"line":34,"column":20}},"loc":{"start":{"line":34,"column":59},"end":{"line":49,"column":1}}},"5":{"name":"(anonymous_5)","decl":{"start":{"line":35,"column":9},"end":{"line":35,"column":10}},"loc":{"start":{"line":35,"column":20},"end":{"line":48,"column":3}}}},"branchMap":{"0":{"loc":{"start":{"line":20,"column":8},"end":{"line":20,"column":27}},"type":"binary-expr","locations":[{"start":{"line":20,"column":8},"end":{"line":20,"column":27}},{"start":{"line":20,"column":31},"end":{"line":20,"column":51}}]},"1":{"loc":{"start":{"line":37,"column":8},"end":{"line":37,"column":27}},"type":"binary-expr","locations":[{"start":{"line":37,"column":8},"end":{"line":37,"column":27}},{"start":{"line":37,"column":31},"end":{"line":37,"column":51}}]}},"s":{"0":1,"1":1,"2":1,"3":1,"4":1,"5":2,"6":1,"7":1,"8":1,"9":1,"10":6,"11":2,"12":1,"13":3,"14":1,"15":1,"16":6,"17":2,"18":1,"19":3,"20":1},"f":{"0":2,"1":2,"2":6,"3":6,"4":6,"5":6},"b":{"0":[6,4],"1":[6,4]}}
,"C:\\Users\\hi\\Documents\\Workspace\\paak\\src\\validators\\date\\index.ts": {"path":"C:\\Users\\hi\\Documents\\Workspace\\paak\\src\\validators\\date\\index.ts","statementMap":{"0":{"start":{"line":1,"column":0},"end":{"line":1,"column":31}},"1":{"start":{"line":8,"column":13},"end":{"line":16,"column":null}},"2":{"start":{"line":9,"column":2},"end":{"line":15,"column":null}},"3":{"start":{"line":11,"column":6},"end":{"line":11,"column":null}},"4":{"start":{"line":14,"column":4},"end":{"line":14,"column":null}},"5":{"start":{"line":17,"column":0},"end":{"line":17,"column":null}}},"fnMap":{"0":{"name":"(anonymous_0)","decl":{"start":{"line":8,"column":20},"end":{"line":8,"column":21}},"loc":{"start":{"line":8,"column":44},"end":{"line":16,"column":1}}},"1":{"name":"(anonymous_1)","decl":{"start":{"line":9,"column":9},"end":{"line":9,"column":10}},"loc":{"start":{"line":9,"column":20},"end":{"line":15,"column":3}}}},"branchMap":{},"s":{"0":1,"1":1,"2":2,"3":1,"4":1,"5":1},"f":{"0":2,"1":2},"b":{}}
,"C:\\Users\\hi\\Documents\\Workspace\\paak\\src\\validators\\number\\index.ts": {"path":"C:\\Users\\hi\\Documents\\Workspace\\paak\\src\\validators\\number\\index.ts","statementMap":{"0":{"start":{"line":1,"column":0},"end":{"line":1,"column":31}},"1":{"start":{"line":3,"column":13},"end":{"line":11,"column":null}},"2":{"start":{"line":4,"column":2},"end":{"line":10,"column":null}},"3":{"start":{"line":6,"column":6},"end":{"line":6,"column":null}},"4":{"start":{"line":9,"column":4},"end":{"line":9,"column":null}},"5":{"start":{"line":12,"column":0},"end":{"line":12,"column":null}}},"fnMap":{"0":{"name":"(anonymous_0)","decl":{"start":{"line":3,"column":22},"end":{"line":3,"column":23}},"loc":{"start":{"line":3,"column":46},"end":{"line":11,"column":1}}},"1":{"name":"(anonymous_1)","decl":{"start":{"line":4,"column":9},"end":{"line":4,"column":10}},"loc":{"start":{"line":4,"column":20},"end":{"line":10,"column":3}}}},"branchMap":{},"s":{"0":2,"1":2,"2":5,"3":4,"4":1,"5":2},"f":{"0":5,"1":5},"b":{}}
,"C:\\Users\\hi\\Documents\\Workspace\\paak\\src\\validators\\object\\index.ts": {"path":"C:\\Users\\hi\\Documents\\Workspace\\paak\\src\\validators\\object\\index.ts","statementMap":{"0":{"start":{"line":1,"column":0},"end":{"line":1,"column":31}},"1":{"start":{"line":3,"column":13},"end":{"line":31,"column":null}},"2":{"start":{"line":5,"column":16},"end":{"line":5,"column":null}},"3":{"start":{"line":7,"column":22},"end":{"line":7,"column":39}},"4":{"start":{"line":8,"column":24},"end":{"line":8,"column":43}},"5":{"start":{"line":9,"column":27},"end":{"line":9,"column":105}},"6":{"start":{"line":9,"column":65},"end":{"line":9,"column":103}},"7":{"start":{"line":17,"column":6},"end":{"line":17,"column":null}},"8":{"start":{"line":19,"column":19},"end":{"line":19,"column":20}},"9":{"start":{"line":20,"column":8},"end":{"line":20,"column":null}},"10":{"start":{"line":33,"column":13},"end":{"line":48,"column":null}},"11":{"start":{"line":34,"column":2},"end":{"line":47,"column":null}},"12":{"start":{"line":37,"column":6},"end":{"line":37,"column":null}},"13":{"start":{"line":40,"column":4},"end":{"line":40,"column":null}},"14":{"start":{"line":43,"column":6},"end":{"line":43,"column":null}},"15":{"start":{"line":46,"column":4},"end":{"line":46,"column":null}},"16":{"start":{"line":49,"column":0},"end":{"line":49,"column":null}}},"fnMap":{"0":{"name":"(anonymous_0)","decl":{"start":{"line":3,"column":24},"end":{"line":3,"column":25}},"loc":{"start":{"line":3,"column":72},"end":{"line":31,"column":1}}},"1":{"name":"(anonymous_2)","decl":{"start":{"line":9,"column":44},"end":{"line":9,"column":45}},"loc":{"start":{"line":9,"column":58},"end":{"line":9,"column":104}}},"2":{"name":"(anonymous_3)","decl":{"start":{"line":33,"column":22},"end":{"line":33,"column":23}},"loc":{"start":{"line":33,"column":59},"end":{"line":48,"column":1}}},"3":{"name":"(anonymous_4)","decl":{"start":{"line":34,"column":9},"end":{"line":34,"column":10}},"loc":{"start":{"line":34,"column":20},"end":{"line":47,"column":3}}}},"branchMap":{},"s":{"0":2,"1":2,"2":17,"3":17,"4":17,"5":17,"6":39,"7":2,"8":14,"9":14,"10":2,"11":11,"12":1,"13":7,"14":5,"15":2,"16":2},"f":{"0":9,"1":39,"2":11,"3":8},"b":{}}
,"C:\\Users\\hi\\Documents\\Workspace\\paak\\src\\validators\\string\\index.ts": {"path":"C:\\Users\\hi\\Documents\\Workspace\\paak\\src\\validators\\string\\index.ts","statementMap":{"0":{"start":{"line":1,"column":0},"end":{"line":1,"column":31}},"1":{"start":{"line":3,"column":13},"end":{"line":10,"column":null}},"2":{"start":{"line":4,"column":2},"end":{"line":9,"column":null}},"3":{"start":{"line":6,"column":6},"end":{"line":6,"column":null}},"4":{"start":{"line":8,"column":4},"end":{"line":8,"column":null}},"5":{"start":{"line":11,"column":0},"end":{"line":11,"column":null}},"6":{"start":{"line":13,"column":13},"end":{"line":20,"column":null}},"7":{"start":{"line":14,"column":2},"end":{"line":19,"column":null}},"8":{"start":{"line":16,"column":6},"end":{"line":16,"column":null}},"9":{"start":{"line":18,"column":4},"end":{"line":18,"column":null}},"10":{"start":{"line":21,"column":0},"end":{"line":21,"column":null}},"11":{"start":{"line":23,"column":13},"end":{"line":25,"column":null}},"12":{"start":{"line":24,"column":2},"end":{"line":24,"column":null}},"13":{"start":{"line":26,"column":0},"end":{"line":26,"column":null}},"14":{"start":{"line":28,"column":13},"end":{"line":30,"column":null}},"15":{"start":{"line":29,"column":2},"end":{"line":29,"column":null}},"16":{"start":{"line":31,"column":0},"end":{"line":31,"column":null}},"17":{"start":{"line":33,"column":13},"end":{"line":35,"column":null}},"18":{"start":{"line":34,"column":2},"end":{"line":34,"column":null}},"19":{"start":{"line":36,"column":0},"end":{"line":36,"column":null}}},"fnMap":{"0":{"name":"(anonymous_0)","decl":{"start":{"line":3,"column":22},"end":{"line":3,"column":23}},"loc":{"start":{"line":3,"column":56},"end":{"line":10,"column":1}}},"1":{"name":"(anonymous_1)","decl":{"start":{"line":4,"column":9},"end":{"line":4,"column":10}},"loc":{"start":{"line":4,"column":20},"end":{"line":9,"column":3}}},"2":{"name":"(anonymous_2)","decl":{"start":{"line":13,"column":21},"end":{"line":13,"column":22}},"loc":{"start":{"line":13,"column":60},"end":{"line":20,"column":1}}},"3":{"name":"(anonymous_3)","decl":{"start":{"line":14,"column":9},"end":{"line":14,"column":10}},"loc":{"start":{"line":14,"column":20},"end":{"line":19,"column":3}}},"4":{"name":"(anonymous_4)","decl":{"start":{"line":23,"column":21},"end":{"line":23,"column":22}},"loc":{"start":{"line":23,"column":45},"end":{"line":25,"column":1}}},"5":{"name":"(anonymous_5)","decl":{"start":{"line":28,"column":25},"end":{"line":28,"column":26}},"loc":{"start":{"line":28,"column":49},"end":{"line":30,"column":1}}},"6":{"name":"(anonymous_6)","decl":{"start":{"line":33,"column":21},"end":{"line":33,"column":22}},"loc":{"start":{"line":33,"column":45},"end":{"line":35,"column":1}}}},"branchMap":{"0":{"loc":{"start":{"line":5,"column":8},"end":{"line":5,"column":13}},"type":"binary-expr","locations":[{"start":{"line":5,"column":8},"end":{"line":5,"column":13}},{"start":{"line":5,"column":17},"end":{"line":5,"column":42}}]}},"s":{"0":4,"1":4,"2":32,"3":16,"4":7,"5":4,"6":4,"7":6,"8":3,"9":3,"10":4,"11":4,"12":2,"13":4,"14":4,"15":2,"16":4,"17":4,"18":2,"19":4},"f":{"0":32,"1":23,"2":6,"3":6,"4":2,"5":2,"6":2},"b":{"0":[23,21]}}
}
