TN:
SF:C:\Users\hi\Documents\Workspace\paak\src\normalizers\index.ts
FN:7,(anonymous_0)
FN:28,(anonymous_1)
FNF:2
FNH:2
FNDA:5,(anonymous_0)
FNDA:4,(anonymous_1)
DA:1,1
DA:7,1
DA:9,1
DA:12,4
DA:14,1
DA:17,1
DA:19,2
DA:21,1
DA:28,1
DA:30,1
DA:33,3
DA:35,1
DA:39,2
DA:42,1
LF:14
LH:14
BRF:0
BRH:0
end_of_record
TN:
SF:C:\Users\hi\Documents\Workspace\paak\src\validators\type.ts
FNF:0
FNH:0
DA:1,6
LF:1
LH:1
BRF:0
BRH:0
end_of_record
TN:
SF:C:\Users\hi\Documents\Workspace\paak\src\validators\array\index.ts
FN:8,(anonymous_0)
FN:9,(anonymous_1)
FNF:2
FNH:2
FNDA:20,(anonymous_0)
FNDA:19,(anonymous_1)
DA:1,3
DA:8,3
DA:9,20
DA:12,5
DA:13,6
DA:16,3
DA:21,10
DA:24,6
DA:28,3
LF:9
LH:9
BRDA:10,0,0,19
BRDA:10,0,1,18
BRDA:10,0,2,10
BRF:3
BRH:3
end_of_record
TN:
SF:C:\Users\hi\Documents\Workspace\paak\src\validators\common\index.ts
FN:7,(anonymous_0)
FN:8,(anonymous_1)
FN:17,(anonymous_2)
FN:18,(anonymous_3)
FN:34,(anonymous_4)
FN:35,(anonymous_5)
FNF:6
FNH:6
FNDA:2,(anonymous_0)
FNDA:2,(anonymous_1)
FNDA:6,(anonymous_2)
FNDA:6,(anonymous_3)
FNDA:6,(anonymous_4)
FNDA:6,(anonymous_5)
DA:1,1
DA:3,1
DA:4,1
DA:5,1
DA:7,1
DA:8,2
DA:10,1
DA:12,1
DA:15,1
DA:17,1
DA:18,6
DA:22,2
DA:26,1
DA:29,3
DA:32,1
DA:34,1
DA:35,6
DA:39,2
DA:43,1
DA:47,3
DA:50,1
LF:21
LH:21
BRDA:20,0,0,6
BRDA:20,0,1,4
BRDA:37,1,0,6
BRDA:37,1,1,4
BRF:4
BRH:4
end_of_record
TN:
SF:C:\Users\hi\Documents\Workspace\paak\src\validators\date\index.ts
FN:8,(anonymous_0)
FN:9,(anonymous_1)
FNF:2
FNH:2
FNDA:2,(anonymous_0)
FNDA:2,(anonymous_1)
DA:1,1
DA:8,1
DA:9,2
DA:11,1
DA:14,1
DA:17,1
LF:6
LH:6
BRF:0
BRH:0
end_of_record
TN:
SF:C:\Users\hi\Documents\Workspace\paak\src\validators\number\index.ts
FN:3,(anonymous_0)
FN:4,(anonymous_1)
FNF:2
FNH:2
FNDA:5,(anonymous_0)
FNDA:5,(anonymous_1)
DA:1,2
DA:3,2
DA:4,5
DA:6,4
DA:9,1
DA:12,2
LF:6
LH:6
BRF:0
BRH:0
end_of_record
TN:
SF:C:\Users\hi\Documents\Workspace\paak\src\validators\object\index.ts
FN:3,(anonymous_0)
FN:9,(anonymous_2)
FN:33,(anonymous_3)
FN:34,(anonymous_4)
FNF:4
FNH:4
FNDA:9,(anonymous_0)
FNDA:39,(anonymous_2)
FNDA:11,(anonymous_3)
FNDA:8,(anonymous_4)
DA:1,2
DA:3,2
DA:5,17
DA:7,17
DA:8,17
DA:9,39
DA:17,2
DA:19,14
DA:20,14
DA:33,2
DA:34,11
DA:37,1
DA:40,7
DA:43,5
DA:46,2
DA:49,2
LF:16
LH:16
BRF:0
BRH:0
end_of_record
TN:
SF:C:\Users\hi\Documents\Workspace\paak\src\validators\string\index.ts
FN:3,(anonymous_0)
FN:4,(anonymous_1)
FN:13,(anonymous_2)
FN:14,(anonymous_3)
FN:23,(anonymous_4)
FN:28,(anonymous_5)
FN:33,(anonymous_6)
FNF:7
FNH:7
FNDA:32,(anonymous_0)
FNDA:23,(anonymous_1)
FNDA:6,(anonymous_2)
FNDA:6,(anonymous_3)
FNDA:2,(anonymous_4)
FNDA:2,(anonymous_5)
FNDA:2,(anonymous_6)
DA:1,4
DA:3,4
DA:4,32
DA:6,16
DA:8,7
DA:11,4
DA:13,4
DA:14,6
DA:16,3
DA:18,3
DA:21,4
DA:23,4
DA:24,2
DA:26,4
DA:28,4
DA:29,2
DA:31,4
DA:33,4
DA:34,2
DA:36,4
LF:20
LH:20
BRDA:5,0,0,23
BRDA:5,0,1,21
BRF:2
BRH:2
end_of_record
